1686668759.488712 client started (7628): version 3.3a, socket /tmp/tmux-1000/default, protocol 8
1686668759.488732 on Linux 5.15.90.1-microsoft-standard-WSL2 #1 SMP Fri Jan 27 02:56:13 UTC 2023
1686668759.488736 using libevent 2.1.12-stable (poll); ncurses 6.4
1686668759.488748 flags are 0x18010000
1686668759.488752 socket is /tmp/tmux-1000/default
1686668759.488759 trying connect
1686668759.488769 connect failed: Connection refused
1686668759.488775 lock file is /tmp/tmux-1000/default.lock
1686668759.488786 flock succeeded
1686668759.488788 got lock (6)
1686668759.488791 trying connect
1686668759.488796 connect failed: Connection refused
1686668759.488952 add peer 0x55ddfd29d400: 7 ((nil))
1686668759.489238 sending message 100 to peer 0x55ddfd29d400 (4 bytes)
1686668759.489246 sending message 111 to peer 0x55ddfd29d400 (8 bytes)
1686668759.489249 sending message 101 to peer 0x55ddfd29d400 (15 bytes)
1686668759.489252 sending message 109 to peer 0x55ddfd29d400 (4 bytes)
1686668759.489254 sending message 102 to peer 0x55ddfd29d400 (11 bytes)
1686668759.489257 sending message 108 to peer 0x55ddfd29d400 (28 bytes)
1686668759.489259 sending message 112 to peer 0x55ddfd29d400 (58 bytes)
1686668759.489262 sending message 112 to peer 0x55ddfd29d400 (5 bytes)
1686668759.489264 sending message 112 to peer 0x55ddfd29d400 (5 bytes)
1686668759.489267 sending message 112 to peer 0x55ddfd29d400 (6 bytes)
1686668759.489270 sending message 112 to peer 0x55ddfd29d400 (6 bytes)
1686668759.489272 sending message 112 to peer 0x55ddfd29d400 (11 bytes)
1686668759.489275 sending message 112 to peer 0x55ddfd29d400 (10 bytes)
1686668759.489277 sending message 112 to peer 0x55ddfd29d400 (13 bytes)
1686668759.489280 sending message 112 to peer 0x55ddfd29d400 (14 bytes)
1686668759.489282 sending message 112 to peer 0x55ddfd29d400 (19 bytes)
1686668759.489284 sending message 112 to peer 0x55ddfd29d400 (11 bytes)
1686668759.489287 sending message 112 to peer 0x55ddfd29d400 (10 bytes)
1686668759.489289 sending message 112 to peer 0x55ddfd29d400 (15 bytes)
1686668759.489292 sending message 112 to peer 0x55ddfd29d400 (21 bytes)
1686668759.489294 sending message 112 to peer 0x55ddfd29d400 (13 bytes)
1686668759.489297 sending message 112 to peer 0x55ddfd29d400 (7 bytes)
1686668759.489299 sending message 112 to peer 0x55ddfd29d400 (13 bytes)
1686668759.489302 sending message 112 to peer 0x55ddfd29d400 (7 bytes)
1686668759.489304 sending message 112 to peer 0x55ddfd29d400 (13 bytes)
1686668759.489307 sending message 112 to peer 0x55ddfd29d400 (9 bytes)
1686668759.489309 sending message 112 to peer 0x55ddfd29d400 (21 bytes)
1686668759.489312 sending message 112 to peer 0x55ddfd29d400 (13 bytes)
1686668759.489314 sending message 112 to peer 0x55ddfd29d400 (9 bytes)
1686668759.489317 sending message 112 to peer 0x55ddfd29d400 (16 bytes)
1686668759.489319 sending message 112 to peer 0x55ddfd29d400 (13 bytes)
1686668759.489322 sending message 112 to peer 0x55ddfd29d400 (9 bytes)
1686668759.489324 sending message 112 to peer 0x55ddfd29d400 (9 bytes)
1686668759.489327 sending message 112 to peer 0x55ddfd29d400 (12 bytes)
1686668759.489329 sending message 112 to peer 0x55ddfd29d400 (8 bytes)
1686668759.489331 sending message 112 to peer 0x55ddfd29d400 (8 bytes)
1686668759.489334 sending message 112 to peer 0x55ddfd29d400 (13 bytes)
1686668759.489337 sending message 112 to peer 0x55ddfd29d400 (7 bytes)
1686668759.489339 sending message 112 to peer 0x55ddfd29d400 (7 bytes)
1686668759.489342 sending message 112 to peer 0x55ddfd29d400 (9 bytes)
1686668759.489344 sending message 112 to peer 0x55ddfd29d400 (9 bytes)
1686668759.489346 sending message 112 to peer 0x55ddfd29d400 (15 bytes)
1686668759.489349 sending message 112 to peer 0x55ddfd29d400 (13 bytes)
1686668759.489351 sending message 112 to peer 0x55ddfd29d400 (12 bytes)
1686668759.489354 sending message 112 to peer 0x55ddfd29d400 (8 bytes)
1686668759.489356 sending message 112 to peer 0x55ddfd29d400 (14 bytes)
1686668759.489359 sending message 112 to peer 0x55ddfd29d400 (11 bytes)
1686668759.489361 sending message 112 to peer 0x55ddfd29d400 (9 bytes)
1686668759.489369 sending message 112 to peer 0x55ddfd29d400 (10 bytes)
1686668759.489372 sending message 112 to peer 0x55ddfd29d400 (10 bytes)
1686668759.489374 sending message 112 to peer 0x55ddfd29d400 (10 bytes)
1686668759.489377 sending message 112 to peer 0x55ddfd29d400 (10 bytes)
1686668759.489379 sending message 112 to peer 0x55ddfd29d400 (11 bytes)
1686668759.489382 sending message 112 to peer 0x55ddfd29d400 (12 bytes)
1686668759.489384 sending message 112 to peer 0x55ddfd29d400 (12 bytes)
1686668759.489386 sending message 112 to peer 0x55ddfd29d400 (12 bytes)
1686668759.489389 sending message 112 to peer 0x55ddfd29d400 (12 bytes)
1686668759.489391 sending message 112 to peer 0x55ddfd29d400 (12 bytes)
1686668759.489394 sending message 112 to peer 0x55ddfd29d400 (11 bytes)
1686668759.489396 sending message 112 to peer 0x55ddfd29d400 (11 bytes)
1686668759.489399 sending message 112 to peer 0x55ddfd29d400 (12 bytes)
1686668759.489401 sending message 112 to peer 0x55ddfd29d400 (12 bytes)
1686668759.489404 sending message 112 to peer 0x55ddfd29d400 (12 bytes)
1686668759.489406 sending message 112 to peer 0x55ddfd29d400 (12 bytes)
1686668759.489409 sending message 112 to peer 0x55ddfd29d400 (12 bytes)
1686668759.489411 sending message 112 to peer 0x55ddfd29d400 (9 bytes)
1686668759.489414 sending message 112 to peer 0x55ddfd29d400 (12 bytes)
1686668759.489416 sending message 112 to peer 0x55ddfd29d400 (13 bytes)
1686668759.489419 sending message 112 to peer 0x55ddfd29d400 (13 bytes)
1686668759.489421 sending message 112 to peer 0x55ddfd29d400 (13 bytes)
1686668759.489424 sending message 112 to peer 0x55ddfd29d400 (13 bytes)
1686668759.489426 sending message 112 to peer 0x55ddfd29d400 (13 bytes)
1686668759.489429 sending message 112 to peer 0x55ddfd29d400 (8 bytes)
1686668759.489431 sending message 112 to peer 0x55ddfd29d400 (11 bytes)
1686668759.489433 sending message 112 to peer 0x55ddfd29d400 (11 bytes)
1686668759.489436 sending message 112 to peer 0x55ddfd29d400 (11 bytes)
1686668759.489438 sending message 112 to peer 0x55ddfd29d400 (12 bytes)
1686668759.489441 sending message 112 to peer 0x55ddfd29d400 (12 bytes)
1686668759.489443 sending message 112 to peer 0x55ddfd29d400 (12 bytes)
1686668759.489446 sending message 112 to peer 0x55ddfd29d400 (12 bytes)
1686668759.489448 sending message 112 to peer 0x55ddfd29d400 (13 bytes)
1686668759.489451 sending message 112 to peer 0x55ddfd29d400 (13 bytes)
1686668759.489453 sending message 112 to peer 0x55ddfd29d400 (13 bytes)
1686668759.489456 sending message 112 to peer 0x55ddfd29d400 (8 bytes)
1686668759.489459 sending message 112 to peer 0x55ddfd29d400 (13 bytes)
1686668759.489461 sending message 112 to peer 0x55ddfd29d400 (13 bytes)
1686668759.489464 sending message 112 to peer 0x55ddfd29d400 (13 bytes)
1686668759.489466 sending message 112 to peer 0x55ddfd29d400 (13 bytes)
1686668759.489469 sending message 112 to peer 0x55ddfd29d400 (13 bytes)
1686668759.489471 sending message 112 to peer 0x55ddfd29d400 (12 bytes)
1686668759.489474 sending message 112 to peer 0x55ddfd29d400 (12 bytes)
1686668759.489476 sending message 112 to peer 0x55ddfd29d400 (12 bytes)
1686668759.489479 sending message 112 to peer 0x55ddfd29d400 (12 bytes)
1686668759.489482 sending message 112 to peer 0x55ddfd29d400 (13 bytes)
1686668759.489484 sending message 112 to peer 0x55ddfd29d400 (8 bytes)
1686668759.489487 sending message 112 to peer 0x55ddfd29d400 (13 bytes)
1686668759.489489 sending message 112 to peer 0x55ddfd29d400 (13 bytes)
1686668759.489492 sending message 112 to peer 0x55ddfd29d400 (13 bytes)
1686668759.489494 sending message 112 to peer 0x55ddfd29d400 (13 bytes)
1686668759.489497 sending message 112 to peer 0x55ddfd29d400 (13 bytes)
1686668759.489499 sending message 112 to peer 0x55ddfd29d400 (13 bytes)
1686668759.489502 sending message 112 to peer 0x55ddfd29d400 (13 bytes)
1686668759.489504 sending message 112 to peer 0x55ddfd29d400 (12 bytes)
1686668759.489507 sending message 112 to peer 0x55ddfd29d400 (12 bytes)
1686668759.489509 sending message 112 to peer 0x55ddfd29d400 (12 bytes)
1686668759.489514 sending message 112 to peer 0x55ddfd29d400 (8 bytes)
1686668759.489516 sending message 112 to peer 0x55ddfd29d400 (12 bytes)
1686668759.489519 sending message 112 to peer 0x55ddfd29d400 (13 bytes)
1686668759.489522 sending message 112 to peer 0x55ddfd29d400 (13 bytes)
1686668759.489524 sending message 112 to peer 0x55ddfd29d400 (13 bytes)
1686668759.489527 sending message 112 to peer 0x55ddfd29d400 (13 bytes)
1686668759.489529 sending message 112 to peer 0x55ddfd29d400 (13 bytes)
1686668759.489532 sending message 112 to peer 0x55ddfd29d400 (13 bytes)
1686668759.489534 sending message 112 to peer 0x55ddfd29d400 (13 bytes)
1686668759.489537 sending message 112 to peer 0x55ddfd29d400 (13 bytes)
1686668759.489539 sending message 112 to peer 0x55ddfd29d400 (12 bytes)
1686668759.489542 sending message 112 to peer 0x55ddfd29d400 (10 bytes)
1686668759.489544 sending message 112 to peer 0x55ddfd29d400 (12 bytes)
1686668759.489547 sending message 112 to peer 0x55ddfd29d400 (12 bytes)
1686668759.489549 sending message 112 to peer 0x55ddfd29d400 (12 bytes)
1686668759.489552 sending message 112 to peer 0x55ddfd29d400 (13 bytes)
1686668759.489554 sending message 112 to peer 0x55ddfd29d400 (13 bytes)
1686668759.489557 sending message 112 to peer 0x55ddfd29d400 (13 bytes)
1686668759.489559 sending message 112 to peer 0x55ddfd29d400 (13 bytes)
1686668759.489562 sending message 112 to peer 0x55ddfd29d400 (13 bytes)
1686668759.489564 sending message 112 to peer 0x55ddfd29d400 (13 bytes)
1686668759.489567 sending message 112 to peer 0x55ddfd29d400 (13 bytes)
1686668759.489569 sending message 112 to peer 0x55ddfd29d400 (10 bytes)
1686668759.489572 sending message 112 to peer 0x55ddfd29d400 (13 bytes)
1686668759.489574 sending message 112 to peer 0x55ddfd29d400 (12 bytes)
1686668759.489577 sending message 112 to peer 0x55ddfd29d400 (12 bytes)
1686668759.489579 sending message 112 to peer 0x55ddfd29d400 (12 bytes)
1686668759.489582 sending message 112 to peer 0x55ddfd29d400 (10 bytes)
1686668759.489584 sending message 112 to peer 0x55ddfd29d400 (10 bytes)
1686668759.489587 sending message 112 to peer 0x55ddfd29d400 (10 bytes)
1686668759.489589 sending message 112 to peer 0x55ddfd29d400 (12 bytes)
1686668759.489592 sending message 112 to peer 0x55ddfd29d400 (13 bytes)
1686668759.489594 sending message 112 to peer 0x55ddfd29d400 (13 bytes)
1686668759.489597 sending message 112 to peer 0x55ddfd29d400 (13 bytes)
1686668759.489599 sending message 112 to peer 0x55ddfd29d400 (13 bytes)
1686668759.489602 sending message 112 to peer 0x55ddfd29d400 (13 bytes)
1686668759.489604 sending message 112 to peer 0x55ddfd29d400 (10 bytes)
1686668759.489607 sending message 112 to peer 0x55ddfd29d400 (11 bytes)
1686668759.489609 sending message 112 to peer 0x55ddfd29d400 (12 bytes)
1686668759.489612 sending message 112 to peer 0x55ddfd29d400 (12 bytes)
1686668759.489614 sending message 112 to peer 0x55ddfd29d400 (12 bytes)
1686668759.489617 sending message 112 to peer 0x55ddfd29d400 (12 bytes)
1686668759.489644 sending message 112 to peer 0x55ddfd29d400 (12 bytes)
1686668759.489648 sending message 112 to peer 0x55ddfd29d400 (11 bytes)
1686668759.489651 sending message 112 to peer 0x55ddfd29d400 (12 bytes)
1686668759.489653 sending message 112 to peer 0x55ddfd29d400 (12 bytes)
1686668759.489656 sending message 112 to peer 0x55ddfd29d400 (13 bytes)
1686668759.489658 sending message 112 to peer 0x55ddfd29d400 (13 bytes)
1686668759.489661 sending message 112 to peer 0x55ddfd29d400 (13 bytes)
1686668759.489663 sending message 112 to peer 0x55ddfd29d400 (13 bytes)
1686668759.489666 sending message 112 to peer 0x55ddfd29d400 (13 bytes)
1686668759.489668 sending message 112 to peer 0x55ddfd29d400 (10 bytes)
1686668759.489671 sending message 112 to peer 0x55ddfd29d400 (9 bytes)
1686668759.489673 sending message 112 to peer 0x55ddfd29d400 (12 bytes)
1686668759.489676 sending message 112 to peer 0x55ddfd29d400 (13 bytes)
1686668759.489678 sending message 112 to peer 0x55ddfd29d400 (13 bytes)
1686668759.489681 sending message 112 to peer 0x55ddfd29d400 (13 bytes)
1686668759.489687 sending message 112 to peer 0x55ddfd29d400 (13 bytes)
1686668759.489690 sending message 112 to peer 0x55ddfd29d400 (13 bytes)
1686668759.489692 sending message 112 to peer 0x55ddfd29d400 (9 bytes)
1686668759.489695 sending message 112 to peer 0x55ddfd29d400 (12 bytes)
1686668759.489697 sending message 112 to peer 0x55ddfd29d400 (13 bytes)
1686668759.489700 sending message 112 to peer 0x55ddfd29d400 (13 bytes)
1686668759.489702 sending message 112 to peer 0x55ddfd29d400 (13 bytes)
1686668759.489705 sending message 112 to peer 0x55ddfd29d400 (13 bytes)
1686668759.489707 sending message 112 to peer 0x55ddfd29d400 (13 bytes)
1686668759.489710 sending message 112 to peer 0x55ddfd29d400 (11 bytes)
1686668759.489713 sending message 112 to peer 0x55ddfd29d400 (12 bytes)
1686668759.489715 sending message 112 to peer 0x55ddfd29d400 (13 bytes)
1686668759.489718 sending message 112 to peer 0x55ddfd29d400 (13 bytes)
1686668759.489720 sending message 112 to peer 0x55ddfd29d400 (13 bytes)
1686668759.489723 sending message 112 to peer 0x55ddfd29d400 (13 bytes)
1686668759.489725 sending message 112 to peer 0x55ddfd29d400 (13 bytes)
1686668759.489728 sending message 112 to peer 0x55ddfd29d400 (11 bytes)
1686668759.489730 sending message 112 to peer 0x55ddfd29d400 (12 bytes)
1686668759.489732 sending message 112 to peer 0x55ddfd29d400 (12 bytes)
1686668759.489735 sending message 112 to peer 0x55ddfd29d400 (12 bytes)
1686668759.489737 sending message 112 to peer 0x55ddfd29d400 (12 bytes)
1686668759.489740 sending message 112 to peer 0x55ddfd29d400 (12 bytes)
1686668759.489742 sending message 112 to peer 0x55ddfd29d400 (21 bytes)
1686668759.489745 sending message 112 to peer 0x55ddfd29d400 (12 bytes)
1686668759.489747 sending message 112 to peer 0x55ddfd29d400 (9 bytes)
1686668759.489750 sending message 112 to peer 0x55ddfd29d400 (6 bytes)
1686668759.489752 sending message 112 to peer 0x55ddfd29d400 (13 bytes)
1686668759.489755 sending message 112 to peer 0x55ddfd29d400 (10 bytes)
1686668759.489757 sending message 112 to peer 0x55ddfd29d400 (24 bytes)
1686668759.489760 sending message 112 to peer 0x55ddfd29d400 (13 bytes)
1686668759.489762 sending message 112 to peer 0x55ddfd29d400 (9 bytes)
1686668759.489765 sending message 112 to peer 0x55ddfd29d400 (70 bytes)
1686668759.489768 sending message 112 to peer 0x55ddfd29d400 (69 bytes)
1686668759.489770 sending message 112 to peer 0x55ddfd29d400 (12 bytes)
1686668759.489773 sending message 112 to peer 0x55ddfd29d400 (10 bytes)
1686668759.489775 sending message 112 to peer 0x55ddfd29d400 (10 bytes)
1686668759.489778 sending message 112 to peer 0x55ddfd29d400 (24 bytes)
1686668759.489780 sending message 112 to peer 0x55ddfd29d400 (13 bytes)
1686668759.489783 sending message 112 to peer 0x55ddfd29d400 (10 bytes)
1686668759.489785 sending message 112 to peer 0x55ddfd29d400 (10 bytes)
1686668759.489788 sending message 112 to peer 0x55ddfd29d400 (10 bytes)
1686668759.489790 sending message 112 to peer 0x55ddfd29d400 (13 bytes)
1686668759.489792 sending message 112 to peer 0x55ddfd29d400 (15 bytes)
1686668759.489795 sending message 112 to peer 0x55ddfd29d400 (5 bytes)
1686668759.489798 sending message 104 to peer 0x55ddfd29d400 (0 bytes)
1686668759.489801 sending message 110 to peer 0x55ddfd29d400 (0 bytes)
1686668759.489805 sending message 107 to peer 0x55ddfd29d400 (4 bytes)
1686668759.489807 sending message 105 to peer 0x55ddfd29d400 (16 bytes)
1686668759.489810 sending message 105 to peer 0x55ddfd29d400 (24 bytes)
1686668759.489812 sending message 105 to peer 0x55ddfd29d400 (21 bytes)
1686668759.489815 sending message 105 to peer 0x55ddfd29d400 (48 bytes)
1686668759.489817 sending message 105 to peer 0x55ddfd29d400 (21 bytes)
1686668759.489820 sending message 105 to peer 0x55ddfd29d400 (32 bytes)
1686668759.489822 sending message 105 to peer 0x55ddfd29d400 (17 bytes)
1686668759.489825 sending message 105 to peer 0x55ddfd29d400 (20 bytes)
1686668759.489827 sending message 105 to peer 0x55ddfd29d400 (17 bytes)
1686668759.489830 sending message 105 to peer 0x55ddfd29d400 (33 bytes)
1686668759.489834 sending message 105 to peer 0x55ddfd29d400 (20 bytes)
1686668759.489837 sending message 105 to peer 0x55ddfd29d400 (26 bytes)
1686668759.489839 sending message 105 to peer 0x55ddfd29d400 (38 bytes)
1686668759.489842 sending message 105 to peer 0x55ddfd29d400 (20 bytes)
1686668759.489844 sending message 105 to peer 0x55ddfd29d400 (14 bytes)
1686668759.489847 sending message 105 to peer 0x55ddfd29d400 (11 bytes)
1686668759.489849 sending message 105 to peer 0x55ddfd29d400 (8 bytes)
1686668759.489852 sending message 105 to peer 0x55ddfd29d400 (32 bytes)
1686668759.489856 sending message 105 to peer 0x55ddfd29d400 (50 bytes)
1686668759.489859 sending message 105 to peer 0x55ddfd29d400 (33 bytes)
1686668759.489862 sending message 105 to peer 0x55ddfd29d400 (1239 bytes)
1686668759.489869 sending message 105 to peer 0x55ddfd29d400 (54 bytes)
1686668759.489872 sending message 105 to peer 0x55ddfd29d400 (16 bytes)
1686668759.489875 sending message 105 to peer 0x55ddfd29d400 (40 bytes)
1686668759.489877 sending message 105 to peer 0x55ddfd29d400 (53 bytes)
1686668759.489880 sending message 105 to peer 0x55ddfd29d400 (17 bytes)
1686668759.489882 sending message 105 to peer 0x55ddfd29d400 (22 bytes)
1686668759.489885 sending message 106 to peer 0x55ddfd29d400 (0 bytes)
1686668759.489912 sending message 200 to peer 0x55ddfd29d400 (4 bytes)
1686668759.489916 client loop enter
1686668759.489928 client_signal: Child exited
1686668759.940532 peer 0x55ddfd29d400 message 207
1686668759.940573 sending message 208 to peer 0x55ddfd29d400 (0 bytes)
1686668767.969730 peer 0x55ddfd29d400 message 203
1686668767.969739 sending message 205 to peer 0x55ddfd29d400 (0 bytes)
1686668767.970050 peer 0x55ddfd29d400 message 204
1686668767.970057 client loop exit
